<?xml version="1.0" encoding="UTF-8"?>
<testng-results skipped="0" failed="1" ignored="0" total="3" passed="2">
  <reporter-output>
  </reporter-output>
  <suite name="TestSuite" duration-ms="58" started-at="2021-08-25T01:16:16Z" finished-at="2021-08-25T01:16:16Z">
    <groups>
    </groups>
    <test name="Test1" duration-ms="58" started-at="2021-08-25T01:16:16Z" finished-at="2021-08-25T01:16:16Z">
      <class name="com.dhruv.test.testFlakey.testPackage.Test3">
        <test-method status="PASS" signature="test()[pri:0, instance:com.dhruv.test.testFlakey.testPackage.Test3@4678c730]" name="test" duration-ms="1" started-at="2021-08-25T01:16:16Z" finished-at="2021-08-25T01:16:16Z">
          <reporter-output>
          </reporter-output>
        </test-method> <!-- test -->
      </class> <!-- com.dhruv.test.testFlakey.testPackage.Test3 -->
      <class name="com.dhruv.test.testFlakey.testPackage.Test2">
        <test-method status="FAIL" signature="test()[pri:0, instance:com.dhruv.test.testFlakey.testPackage.Test2@39aeed2f]" name="test" duration-ms="16" started-at="2021-08-25T01:16:16Z" finished-at="2021-08-25T01:16:16Z">
          <exception class="java.lang.AssertionError">
            <message>
              <![CDATA[Assertion Falied: Second test failed expected [2] but found [1]]]>
            </message>
            <full-stacktrace>
              <![CDATA[java.lang.AssertionError: Assertion Falied: Second test failed expected [2] but found [1]
at org.testng.Assert.fail(Assert.java:96)
at org.testng.Assert.failNotEquals(Assert.java:776)
at org.testng.Assert.assertEqualsImpl(Assert.java:137)
at org.testng.Assert.assertEquals(Assert.java:118)
at org.testng.Assert.assertEquals(Assert.java:453)
at com.dhruv.test.testFlakey.testPackage.Test2.test(Test2.java:9)
at sun.reflect.NativeMethodAccessorImpl.invoke0(Native Method)
at sun.reflect.NativeMethodAccessorImpl.invoke(NativeMethodAccessorImpl.java:62)
at sun.reflect.DelegatingMethodAccessorImpl.invoke(DelegatingMethodAccessorImpl.java:43)
at java.lang.reflect.Method.invoke(Method.java:498)
at org.testng.internal.MethodInvocationHelper.invokeMethod(MethodInvocationHelper.java:124)
at org.testng.internal.Invoker.invokeMethod(Invoker.java:583)
at org.testng.internal.Invoker.invokeTestMethod(Invoker.java:719)
at org.testng.internal.Invoker.invokeTestMethods(Invoker.java:989)
at org.testng.internal.TestMethodWorker.invokeTestMethods(TestMethodWorker.java:125)
at org.testng.internal.TestMethodWorker.run(TestMethodWorker.java:109)
at org.testng.TestRunner.privateRun(TestRunner.java:648)
at org.testng.TestRunner.run(TestRunner.java:505)
at org.testng.SuiteRunner.runTest(SuiteRunner.java:455)
at org.testng.SuiteRunner.runSequentially(SuiteRunner.java:450)
at org.testng.SuiteRunner.privateRun(SuiteRunner.java:415)
at org.testng.SuiteRunner.run(SuiteRunner.java:364)
at org.testng.SuiteRunnerWorker.runSuite(SuiteRunnerWorker.java:52)
at org.testng.SuiteRunnerWorker.run(SuiteRunnerWorker.java:84)
at org.testng.TestNG.runSuitesSequentially(TestNG.java:1208)
at org.testng.TestNG.runSuitesLocally(TestNG.java:1137)
at org.testng.TestNG.runSuites(TestNG.java:1049)
at org.testng.TestNG.run(TestNG.java:1017)
at org.testng.remote.AbstractRemoteTestNG.run(AbstractRemoteTestNG.java:132)
at org.testng.remote.RemoteTestNG.initAndRun(RemoteTestNG.java:230)
at org.testng.remote.RemoteTestNG.main(RemoteTestNG.java:76)
]]>
            </full-stacktrace>
          </exception> <!-- java.lang.AssertionError -->
          <reporter-output>
          </reporter-output>
        </test-method> <!-- test -->
      </class> <!-- com.dhruv.test.testFlakey.testPackage.Test2 -->
      <class name="com.dhruv.test.testFlakey.testPackage.Test1">
        <test-method status="PASS" signature="test()[pri:0, instance:com.dhruv.test.testFlakey.testPackage.Test1@724af044]" name="test" duration-ms="2" started-at="2021-08-25T01:16:16Z" finished-at="2021-08-25T01:16:16Z">
          <reporter-output>
          </reporter-output>
        </test-method> <!-- test -->
      </class> <!-- com.dhruv.test.testFlakey.testPackage.Test1 -->
    </test> <!-- Test1 -->
  </suite> <!-- TestSuite -->
</testng-results>
